::1 - - [10/Dec/2017:18:06:21 +0000] "GET /consulta_cnpj/04267593000108 HTTP/1.1" 404 256 "-" "Mozilla/5.0 (Windows NT 10.0; Win64; x64) AppleWebKit/537.36 (KHTML, like Gecko) Chrome/63.0.3239.84 Safari/537.36"
::1 - - [10/Dec/2017:18:06:21 +0000] "GET /favicon.ico HTTP/1.1" 404 256 "http://localhost:3000/consulta_cnpj/04267593000108" "Mozilla/5.0 (Windows NT 10.0; Win64; x64) AppleWebKit/537.36 (KHTML, like Gecko) Chrome/63.0.3239.84 Safari/537.36"
::1 - - [10/Dec/2017:18:06:29 +0000] "GET /api/consulta_cnpj/04267593000108 HTTP/1.1" 500 2226 "-" "Mozilla/5.0 (Windows NT 10.0; Win64; x64) AppleWebKit/537.36 (KHTML, like Gecko) Chrome/63.0.3239.84 Safari/537.36"
::1 - - [10/Dec/2017:18:07:12 +0000] "GET /api/consulta_cnpj/04267593000108 HTTP/1.1" 500 2226 "-" "Mozilla/5.0 (Windows NT 10.0; Win64; x64) AppleWebKit/537.36 (KHTML, like Gecko) Chrome/63.0.3239.84 Safari/537.36"
::1 - - [10/Dec/2017:18:07:14 +0000] "GET /api/consulta_cnpj/04267593000108 HTTP/1.1" 500 2226 "-" "Mozilla/5.0 (Windows NT 10.0; Win64; x64) AppleWebKit/537.36 (KHTML, like Gecko) Chrome/63.0.3239.84 Safari/537.36"
::1 - - [10/Dec/2017:18:07:14 +0000] "GET /api/consulta_cnpj/04267593000108 HTTP/1.1" 500 2226 "-" "Mozilla/5.0 (Windows NT 10.0; Win64; x64) AppleWebKit/537.36 (KHTML, like Gecko) Chrome/63.0.3239.84 Safari/537.36"
::1 - - [10/Dec/2017:18:07:15 +0000] "GET /api/consulta_cnpj/04267593000108 HTTP/1.1" 500 2226 "-" "Mozilla/5.0 (Windows NT 10.0; Win64; x64) AppleWebKit/537.36 (KHTML, like Gecko) Chrome/63.0.3239.84 Safari/537.36"
::1 - - [10/Dec/2017:18:07:15 +0000] "GET /api/consulta_cnpj/04267593000108 HTTP/1.1" 500 2226 "-" "Mozilla/5.0 (Windows NT 10.0; Win64; x64) AppleWebKit/537.36 (KHTML, like Gecko) Chrome/63.0.3239.84 Safari/537.36"
::1 - - [10/Dec/2017:18:07:59 +0000] "GET /api/consulta_cnpj/04267593000108 HTTP/1.1" 500 2226 "-" "Mozilla/5.0 (Windows NT 10.0; Win64; x64) AppleWebKit/537.36 (KHTML, like Gecko) Chrome/63.0.3239.84 Safari/537.36"
::1 - - [10/Dec/2017:18:10:02 +0000] "GET /api/consulta_cnpj/04267593000108 HTTP/1.1" 200 128 "-" "Mozilla/5.0 (Windows NT 10.0; Win64; x64) AppleWebKit/537.36 (KHTML, like Gecko) Chrome/63.0.3239.84 Safari/537.36"
::1 - - [10/Dec/2017:18:10:10 +0000] "GET /api/consulta_cnpj/04267593000108 HTTP/1.1" 200 128 "-" "Mozilla/5.0 (Windows NT 10.0; Win64; x64) AppleWebKit/537.36 (KHTML, like Gecko) Chrome/63.0.3239.84 Safari/537.36"
::1 - - [10/Dec/2017:18:11:23 +0000] "GET /api/consulta_cnpj/04267593000108 HTTP/1.1" 304 - "-" "Mozilla/5.0 (Windows NT 10.0; Win64; x64) AppleWebKit/537.36 (KHTML, like Gecko) Chrome/63.0.3239.84 Safari/537.36"
::1 - - [10/Dec/2017:18:21:06 +0000] "GET /api/consulta_cnpj/04267593000108 HTTP/1.1" 200 1048 "-" "Mozilla/5.0 (Windows NT 10.0; Win64; x64) AppleWebKit/537.36 (KHTML, like Gecko) Chrome/63.0.3239.84 Safari/537.36"
::1 - - [10/Dec/2017:18:23:52 +0000] "GET /api/consulta_cnpj/04267593000108 HTTP/1.1" 304 - "-" "Mozilla/5.0 (Windows NT 10.0; Win64; x64) AppleWebKit/537.36 (KHTML, like Gecko) Chrome/63.0.3239.84 Safari/537.36"
::1 - - [10/Dec/2017:18:24:37 +0000] "GET /api/consulta_cnpj/04267593000108 HTTP/1.1" 304 - "-" "Mozilla/5.0 (Windows NT 10.0; Win64; x64) AppleWebKit/537.36 (KHTML, like Gecko) Chrome/63.0.3239.84 Safari/537.36"
::1 - - [10/Dec/2017:18:24:42 +0000] "GET /api/consulta_cnpj/04267593000108 HTTP/1.1" 304 - "-" "Mozilla/5.0 (Windows NT 10.0; Win64; x64) AppleWebKit/537.36 (KHTML, like Gecko) Chrome/63.0.3239.84 Safari/537.36"
::1 - - [10/Dec/2017:18:24:43 +0000] "GET /api/consulta_cnpj/04267593000108 HTTP/1.1" 304 - "-" "Mozilla/5.0 (Windows NT 10.0; Win64; x64) AppleWebKit/537.36 (KHTML, like Gecko) Chrome/63.0.3239.84 Safari/537.36"
::1 - - [10/Dec/2017:18:27:06 +0000] "GET /api/consulta_cnpj/04267593000108 HTTP/1.1" 304 - "-" "Mozilla/5.0 (Windows NT 10.0; Win64; x64) AppleWebKit/537.36 (KHTML, like Gecko) Chrome/63.0.3239.84 Safari/537.36"
::1 - - [10/Dec/2017:18:30:45 +0000] "GET /api/consulta_cnpj/04267593000108 HTTP/1.1" 304 - "-" "Mozilla/5.0 (Windows NT 10.0; Win64; x64) AppleWebKit/537.36 (KHTML, like Gecko) Chrome/63.0.3239.84 Safari/537.36"
::1 - - [10/Dec/2017:19:16:09 +0000] "GET /api/consulta_cnpj/04267593000108 HTTP/1.1" 304 - "-" "Mozilla/5.0 (Windows NT 10.0; Win64; x64) AppleWebKit/537.36 (KHTML, like Gecko) Chrome/63.0.3239.84 Safari/537.36"
::1 - - [10/Dec/2017:19:17:31 +0000] "GET /api/consulta_cnpj/04267593000108 HTTP/1.1" 304 - "-" "Mozilla/5.0 (Windows NT 10.0; Win64; x64) AppleWebKit/537.36 (KHTML, like Gecko) Chrome/63.0.3239.84 Safari/537.36"
::1 - - [10/Dec/2017:19:21:15 +0000] "GET /api/consulta_cnpj/04267593000108/atualiza HTTP/1.1" 200 - "-" "Mozilla/5.0 (Windows NT 10.0; Win64; x64) AppleWebKit/537.36 (KHTML, like Gecko) Chrome/63.0.3239.84 Safari/537.36"
::1 - - [10/Dec/2017:19:21:49 +0000] "GET /api/consulta_cnpj/04267593000108/atualiza HTTP/1.1" 200 - "-" "Mozilla/5.0 (Windows NT 10.0; Win64; x64) AppleWebKit/537.36 (KHTML, like Gecko) Chrome/63.0.3239.84 Safari/537.36"
::1 - - [10/Dec/2017:19:22:51 +0000] "GET /api/consulta_cnpj/04267593000108/atualiza HTTP/1.1" 200 - "-" "Mozilla/5.0 (Windows NT 10.0; Win64; x64) AppleWebKit/537.36 (KHTML, like Gecko) Chrome/63.0.3239.84 Safari/537.36"
::1 - - [10/Dec/2017:19:23:19 +0000] "GET /api/consulta_cnpj/04267593000108/atualiza HTTP/1.1" 200 - "-" "Mozilla/5.0 (Windows NT 10.0; Win64; x64) AppleWebKit/537.36 (KHTML, like Gecko) Chrome/63.0.3239.84 Safari/537.36"
::1 - - [10/Dec/2017:19:24:19 +0000] "GET /api/consulta_cnpj/04267593000108/atualiza HTTP/1.1" 200 - "-" "Mozilla/5.0 (Windows NT 10.0; Win64; x64) AppleWebKit/537.36 (KHTML, like Gecko) Chrome/63.0.3239.84 Safari/537.36"
::1 - - [10/Dec/2017:19:24:39 +0000] "GET /api/consulta_cnpj/04267593000108/atualiza HTTP/1.1" 200 - "-" "Mozilla/5.0 (Windows NT 10.0; Win64; x64) AppleWebKit/537.36 (KHTML, like Gecko) Chrome/63.0.3239.84 Safari/537.36"
::1 - - [10/Dec/2017:19:26:33 +0000] "GET /api/consulta_cnpj/04267593000108/atualiza HTTP/1.1" 200 4 "-" "Mozilla/5.0 (Windows NT 10.0; Win64; x64) AppleWebKit/537.36 (KHTML, like Gecko) Chrome/63.0.3239.84 Safari/537.36"
::1 - - [10/Dec/2017:19:29:20 +0000] "GET /api/consulta_cnpj/04267593000108/atualiza HTTP/1.1" 200 - "-" "Mozilla/5.0 (Windows NT 10.0; Win64; x64) AppleWebKit/537.36 (KHTML, like Gecko) Chrome/63.0.3239.84 Safari/537.36"
::1 - - [10/Dec/2017:19:30:35 +0000] "GET /api/consulta_cnpj/04267593000108/atualiza HTTP/1.1" 200 - "-" "Mozilla/5.0 (Windows NT 10.0; Win64; x64) AppleWebKit/537.36 (KHTML, like Gecko) Chrome/63.0.3239.84 Safari/537.36"
::1 - - [10/Dec/2017:19:31:26 +0000] "GET /api/consulta_cnpj/04267593000108/atualiza HTTP/1.1" 200 - "-" "Mozilla/5.0 (Windows NT 10.0; Win64; x64) AppleWebKit/537.36 (KHTML, like Gecko) Chrome/63.0.3239.84 Safari/537.36"
::1 - - [10/Dec/2017:19:32:38 +0000] "GET /api/consulta_cnpj/04267593000108/atualiza HTTP/1.1" 200 - "-" "Mozilla/5.0 (Windows NT 10.0; Win64; x64) AppleWebKit/537.36 (KHTML, like Gecko) Chrome/63.0.3239.84 Safari/537.36"
::1 - - [10/Dec/2017:19:35:12 +0000] "GET /api/consulta_cnpj/04267593000108/atualiza HTTP/1.1" 200 - "-" "Mozilla/5.0 (Windows NT 10.0; Win64; x64) AppleWebKit/537.36 (KHTML, like Gecko) Chrome/63.0.3239.84 Safari/537.36"
::1 - - [10/Dec/2017:19:35:29 +0000] "GET /api/consulta_cnpj/04267593000108/atualiza HTTP/1.1" 200 - "-" "Mozilla/5.0 (Windows NT 10.0; Win64; x64) AppleWebKit/537.36 (KHTML, like Gecko) Chrome/63.0.3239.84 Safari/537.36"
::1 - - [10/Dec/2017:19:35:50 +0000] "GET /api/consulta_cnpj/04267593000108/atualiza HTTP/1.1" 200 - "-" "Mozilla/5.0 (Windows NT 10.0; Win64; x64) AppleWebKit/537.36 (KHTML, like Gecko) Chrome/63.0.3239.84 Safari/537.36"
::1 - - [10/Dec/2017:19:37:53 +0000] "GET /api/consulta_cnpj/04267593000108/atualiza HTTP/1.1" 200 - "-" "Mozilla/5.0 (Windows NT 10.0; Win64; x64) AppleWebKit/537.36 (KHTML, like Gecko) Chrome/63.0.3239.84 Safari/537.36"
::1 - - [10/Dec/2017:19:55:56 +0000] "GET /api/consulta_cnpj/04267593000108/atualiza HTTP/1.1" 200 - "-" "Mozilla/5.0 (Windows NT 10.0; Win64; x64) AppleWebKit/537.36 (KHTML, like Gecko) Chrome/63.0.3239.84 Safari/537.36"
::1 - - [10/Dec/2017:20:21:56 +0000] "GET /api/consulta_cnpj/04267593000108/atualiza HTTP/1.1" 200 - "-" "Mozilla/5.0 (Windows NT 10.0; Win64; x64) AppleWebKit/537.36 (KHTML, like Gecko) Chrome/63.0.3239.84 Safari/537.36"
::1 - - [10/Dec/2017:20:24:49 +0000] "GET /api/consulta_cnpj/04267593000108/atualiza HTTP/1.1" 200 - "-" "Mozilla/5.0 (Windows NT 10.0; Win64; x64) AppleWebKit/537.36 (KHTML, like Gecko) Chrome/63.0.3239.84 Safari/537.36"
::1 - - [10/Dec/2017:20:30:21 +0000] "GET /api/consulta_cnpj/04267593000108/atualiza HTTP/1.1" 200 - "-" "Mozilla/5.0 (Windows NT 10.0; Win64; x64) AppleWebKit/537.36 (KHTML, like Gecko) Chrome/63.0.3239.84 Safari/537.36"
::1 - - [10/Dec/2017:20:32:14 +0000] "GET /api/consulta_cnpj/04267593000108/atualiza HTTP/1.1" 200 - "-" "Mozilla/5.0 (Windows NT 10.0; Win64; x64) AppleWebKit/537.36 (KHTML, like Gecko) Chrome/63.0.3239.84 Safari/537.36"
::1 - - [10/Dec/2017:22:07:40 +0000] "GET /api/consulta_cnpj/04267593000108/atualiza HTTP/1.1" 200 - "-" "Mozilla/5.0 (Windows NT 10.0; Win64; x64) AppleWebKit/537.36 (KHTML, like Gecko) Chrome/63.0.3239.84 Safari/537.36"
::1 - - [10/Dec/2017:22:08:02 +0000] "GET /api/consulta_cnpj/04267593000108/atualiza HTTP/1.1" 200 - "-" "Mozilla/5.0 (Windows NT 10.0; Win64; x64) AppleWebKit/537.36 (KHTML, like Gecko) Chrome/63.0.3239.84 Safari/537.36"
::1 - - [10/Dec/2017:22:14:01 +0000] "GET /api/consulta_cnpj/04267593000108/atualiza HTTP/1.1" 200 - "-" "Mozilla/5.0 (Windows NT 10.0; Win64; x64) AppleWebKit/537.36 (KHTML, like Gecko) Chrome/63.0.3239.84 Safari/537.36"
::1 - - [10/Dec/2017:22:25:12 +0000] "GET /api/consulta_cnpj/04267593000108/atualiza HTTP/1.1" 200 - "-" "Mozilla/5.0 (Windows NT 10.0; Win64; x64) AppleWebKit/537.36 (KHTML, like Gecko) Chrome/63.0.3239.84 Safari/537.36"
::1 - - [10/Dec/2017:22:27:14 +0000] "GET /api/consulta_cnpj/04267593000108/atualiza HTTP/1.1" 200 - "-" "Mozilla/5.0 (Windows NT 10.0; Win64; x64) AppleWebKit/537.36 (KHTML, like Gecko) Chrome/63.0.3239.84 Safari/537.36"
::1 - - [10/Dec/2017:22:32:56 +0000] "GET /api/consulta_cnpj/04267593000108/atualiza HTTP/1.1" 200 - "-" "Mozilla/5.0 (Windows NT 10.0; Win64; x64) AppleWebKit/537.36 (KHTML, like Gecko) Chrome/63.0.3239.84 Safari/537.36"
::1 - - [10/Dec/2017:22:36:26 +0000] "GET /api/consulta_cnpj/04267593000108/atualiza HTTP/1.1" 200 - "-" "Mozilla/5.0 (Windows NT 10.0; Win64; x64) AppleWebKit/537.36 (KHTML, like Gecko) Chrome/63.0.3239.84 Safari/537.36"
::1 - - [10/Dec/2017:22:36:26 +0000] "GET /api/consulta_cnpj/04267593000108/atualiza HTTP/1.1" 200 - "-" "Mozilla/5.0 (Windows NT 10.0; Win64; x64) AppleWebKit/537.36 (KHTML, like Gecko) Chrome/63.0.3239.84 Safari/537.36"
::1 - - [10/Dec/2017:22:57:28 +0000] "GET /api/consulta_cnpj/04267593000108/atualiza HTTP/1.1" 200 - "-" "Mozilla/5.0 (Windows NT 10.0; Win64; x64) AppleWebKit/537.36 (KHTML, like Gecko) Chrome/63.0.3239.84 Safari/537.36"
::1 - - [10/Dec/2017:23:00:15 +0000] "GET /api/consulta_cnpj/04267593000108/atualiza HTTP/1.1" 200 - "-" "Mozilla/5.0 (Windows NT 10.0; Win64; x64) AppleWebKit/537.36 (KHTML, like Gecko) Chrome/63.0.3239.84 Safari/537.36"
::1 - - [10/Dec/2017:23:01:13 +0000] "GET /api/consulta_cnpj/04267593000108/atualiza HTTP/1.1" 200 - "-" "Mozilla/5.0 (Windows NT 10.0; Win64; x64) AppleWebKit/537.36 (KHTML, like Gecko) Chrome/63.0.3239.84 Safari/537.36"
::1 - - [10/Dec/2017:23:05:58 +0000] "GET /api/consulta_cnpj/04267593000108/atualiza HTTP/1.1" 200 - "-" "Mozilla/5.0 (Windows NT 10.0; Win64; x64) AppleWebKit/537.36 (KHTML, like Gecko) Chrome/63.0.3239.84 Safari/537.36"
::1 - - [10/Dec/2017:23:08:31 +0000] "GET /api/consulta_cnpj/04267593000108/atualiza HTTP/1.1" 200 - "-" "Mozilla/5.0 (Windows NT 10.0; Win64; x64) AppleWebKit/537.36 (KHTML, like Gecko) Chrome/63.0.3239.84 Safari/537.36"
::1 - - [10/Dec/2017:23:10:33 +0000] "GET /api/consulta_cnpj/04267593000108/atualiza HTTP/1.1" 200 - "-" "Mozilla/5.0 (Windows NT 10.0; Win64; x64) AppleWebKit/537.36 (KHTML, like Gecko) Chrome/63.0.3239.84 Safari/537.36"
